  it4arab.cpp
C:\Users\User\source\repos\it4arab\it4arab.cpp(12,2): error C2065: cout: необъявленный идентификатор
C:\Users\User\source\repos\it4arab\it4arab.cpp(12,19): error C2065: cin: необъявленный идентификатор
C:\Users\User\source\repos\it4arab\it4arab.cpp(13,2): error C2065: cout: необъявленный идентификатор
C:\Users\User\source\repos\it4arab\it4arab.cpp(13,19): error C2065: cin: необъявленный идентификатор
C:\Users\User\source\repos\it4arab\it4arab.cpp(14,2): error C2065: cout: необъявленный идентификатор
C:\Users\User\source\repos\it4arab\it4arab.cpp(14,19): error C2065: cin: необъявленный идентификатор
C:\Users\User\source\repos\it4arab\it4arab.cpp(15,2): error C2065: cout: необъявленный идентификатор
C:\Users\User\source\repos\it4arab\it4arab.cpp(15,20): error C2065: cin: необъявленный идентификатор
C:\Users\User\source\repos\it4arab\it4arab.cpp(16,2): error C2065: cout: необъявленный идентификатор
C:\Users\User\source\repos\it4arab\it4arab.cpp(17,2): error C2065: cout: необъявленный идентификатор
C:\Users\User\source\repos\it4arab\it4arab.cpp(18,2): error C2065: cout: необъявленный идентификатор
C:\Users\User\source\repos\it4arab\it4arab.cpp(23,2): error C2065: cout: необъявленный идентификатор
C:\Users\User\source\repos\it4arab\it4arab.cpp(28,3): error C2065: cout: необъявленный идентификатор
C:\Users\User\source\repos\it4arab\it4arab.cpp(37,2): error C2065: cout: необъявленный идентификатор
  ніяке.cpp
C:\Users\User\source\repos\ніяке\ніяке.cpp(11,1): error C2059: синтаксическая ошибка: константа
C:\Users\User\source\repos\ніяке\ніяке.cpp(38,24): error C2065: a: необъявленный идентификатор
C:\Users\User\source\repos\ніяке\ніяке.cpp(38,20): error C3861: Sum: идентификатор не найден
C:\Users\User\source\repos\ніяке\ніяке.cpp(47,6): error C2065: i: необъявленный идентификатор
C:\Users\User\source\repos\ніяке\ніяке.cpp(47,11): error C2429: для функция языка "Инструкции INIT в if/switch" нужен флаг компилятора "/std:c++17"
C:\Users\User\source\repos\ніяке\ніяке.cpp(47,12): error C2059: синтаксическая ошибка: )
C:\Users\User\source\repos\ніяке\ніяке.cpp(48,2): error C2143: синтаксическая ошибка: отсутствие ";" перед "{"
C:\Users\User\source\repos\ніяке\ніяке.cpp(49,11): error C2065: i: необъявленный идентификатор
C:\Users\User\source\repos\ніяке\ніяке.cpp(49,26): error C2065: i: необъявленный идентификатор
C:\Users\User\source\repos\ніяке\ніяке.cpp(51,11): error C2065: a: необъявленный идентификатор
C:\Users\User\source\repos\ніяке\ніяке.cpp(51,13): error C2065: i: необъявленный идентификатор
C:\Users\User\source\repos\ніяке\ніяке.cpp(53,16): error C2065: i: необъявленный идентификатор
C:\Users\User\source\repos\ніяке\ніяке.cpp(53,21): error C2664: "void s(int *,int &,const int)": невозможно преобразовать аргумент 2 из "const int" в "int &"
C:\Users\User\source\repos\ніяке\ніяке.cpp(53,8): message : В результате преобразования теряются квалификаторы
C:\Users\User\source\repos\ніяке\ніяке.cpp(45,6): message : см. объявление "s"
C:\Users\User\source\repos\ніяке\ніяке.cpp(55,2): error C2181: недопустимый else без парного if
C:\Users\User\source\repos\ніяке\ніяке.cpp(65,8): error C2065: a: необъявленный идентификатор
C:\Users\User\source\repos\ніяке\ніяке.cpp(65,26): error C2065: S: необъявленный идентификатор
C:\Users\User\source\repos\ніяке\ніяке.cpp(67,12): error C2059: синтаксическая ошибка: ;
C:\Users\User\source\repos\ніяке\ніяке.cpp(71,1): error C2059: синтаксическая ошибка: }
C:\Users\User\source\repos\ніяке\ніяке.cpp(71,1): error C2143: синтаксическая ошибка: отсутствие ";" перед "}"
C:\Users\User\source\repos\ніяке\ніяке.cpp(73,1): error C2143: синтаксическая ошибка: отсутствие ";" перед "{"
C:\Users\User\source\repos\ніяке\ніяке.cpp(73,1): error C2447: {: отсутствует заголовок функции (возможно, используется формальный список старого типа)
C:\Users\User\source\repos\ніяке\ніяке.cpp(79,1): error C2059: синтаксическая ошибка: }
C:\Users\User\source\repos\ніяке\ніяке.cpp(79,1): error C2143: синтаксическая ошибка: отсутствие ";" перед "}"
C:\Users\User\source\repos\ніяке\ніяке.cpp(82,1): error C2143: синтаксическая ошибка: отсутствие ";" перед "{"
C:\Users\User\source\repos\ніяке\ніяке.cpp(82,1): error C2447: {: отсутствует заголовок функции (возможно, используется формальный список старого типа)
C:\Users\User\source\repos\ніяке\ніяке.cpp(90,20): error C2143: синтаксическая ошибка: отсутствие "," перед "const"
C:\Users\User\source\repos\ніяке\ніяке.cpp(94,10): error C2065: a: необъявленный идентификатор
C:\Users\User\source\repos\ніяке\ніяке.cpp(96,1): error C2447: {: отсутствует заголовок функции (возможно, используется формальный список старого типа)
C:\Users\User\source\repos\ніяке\ніяке.cpp(101,1): error C2447: {: отсутствует заголовок функции (возможно, используется формальный список старого типа)
C:\Users\User\source\repos\ніяке\ніяке.cpp(112,19): error C2065: a: необъявленный идентификатор
C:\Users\User\source\repos\ніяке\ніяке.cpp(112,38): error C2440: аргумент по умолчанию: невозможно преобразовать "overloaded-function" в "const int"
C:\Users\User\source\repos\ніяке\ніяке.cpp(112,34): message : Контекст не позволяет устранить неоднозначность перегруженной функции
C:\Users\User\source\repos\ніяке\ніяке.cpp(114,2): error C2065: a: необъявленный идентификатор
C:\Users\User\source\repos\ніяке\ніяке.cpp(114,19): error C2440: инициализация: невозможно преобразовать "overloaded-function" в "unsigned int"
C:\Users\User\source\repos\ніяке\ніяке.cpp(114,14): message : Контекст не позволяет устранить неоднозначность перегруженной функции
C:\Users\User\source\repos\ніяке\ніяке.cpp(115,26): error C2563: несоответствие в списке формальных параметров
C:\Users\User\source\repos\ніяке\ніяке.cpp(115,26): error C2568: <: не удается разрешить перегрузку функции
C:\Users\User\source\repos\ніяке\ніяке.cpp(115,26): message : может быть "size_t std::size(const _Ty (&)[_Size]) noexcept"
C:\Users\User\source\repos\ніяке\ніяке.cpp(115,26): message : или       "unknown-type std::size(const _Container &)"
C:\Users\User\source\repos\ніяке\ніяке.cpp(116,3): error C2065: a: необъявленный идентификатор
C:\Users\User\source\repos\ніяке\ніяке.cpp(119,1): error C2447: {: отсутствует заголовок функции (возможно, используется формальный список старого типа)
C:\Users\User\source\repos\ніяке\ніяке.cpp(125,1): error C2059: синтаксическая ошибка: return
  Создание кода...
