  №5.4.cpp
C:\Users\User\source\repos\№5.4\№5.4.cpp(8,21): error C2143: синтаксическая ошибка: отсутствие ")" перед "константа"
C:\Users\User\source\repos\№5.4\№5.4.cpp(8,21): error C2143: синтаксическая ошибка: отсутствие ";" перед "константа"
C:\Users\User\source\repos\№5.4\№5.4.cpp(8,21): error C2059: синтаксическая ошибка: константа
C:\Users\User\source\repos\№5.4\№5.4.cpp(8,36): error C2059: синтаксическая ошибка: )
C:\Users\User\source\repos\№5.4\№5.4.cpp(9,1): error C2143: синтаксическая ошибка: отсутствие ";" перед "{"
C:\Users\User\source\repos\№5.4\№5.4.cpp(9,1): error C2447: {: отсутствует заголовок функции (возможно, используется формальный список старого типа)
C:\Users\User\source\repos\№5.4\№5.4.cpp(15,21): error C2143: синтаксическая ошибка: отсутствие ")" перед "константа"
C:\Users\User\source\repos\№5.4\№5.4.cpp(15,21): error C2143: синтаксическая ошибка: отсутствие ";" перед "константа"
C:\Users\User\source\repos\№5.4\№5.4.cpp(15,21): error C2059: синтаксическая ошибка: константа
C:\Users\User\source\repos\№5.4\№5.4.cpp(15,49): error C2059: синтаксическая ошибка: )
C:\Users\User\source\repos\№5.4\№5.4.cpp(16,1): error C2143: синтаксическая ошибка: отсутствие ";" перед "{"
C:\Users\User\source\repos\№5.4\№5.4.cpp(16,1): error C2447: {: отсутствует заголовок функции (возможно, используется формальный список старого типа)
C:\Users\User\source\repos\№5.4\№5.4.cpp(22,21): error C2143: синтаксическая ошибка: отсутствие ")" перед "константа"
C:\Users\User\source\repos\№5.4\№5.4.cpp(22,21): error C2143: синтаксическая ошибка: отсутствие ";" перед "константа"
C:\Users\User\source\repos\№5.4\№5.4.cpp(22,21): error C2059: синтаксическая ошибка: константа
C:\Users\User\source\repos\№5.4\№5.4.cpp(22,49): error C2059: синтаксическая ошибка: )
C:\Users\User\source\repos\№5.4\№5.4.cpp(23,1): error C2143: синтаксическая ошибка: отсутствие ";" перед "{"
C:\Users\User\source\repos\№5.4\№5.4.cpp(23,1): error C2447: {: отсутствует заголовок функции (возможно, используется формальный список старого типа)
C:\Users\User\source\repos\№5.4\№5.4.cpp(29,21): error C2143: синтаксическая ошибка: отсутствие ")" перед "константа"
C:\Users\User\source\repos\№5.4\№5.4.cpp(29,21): error C2143: синтаксическая ошибка: отсутствие ";" перед "константа"
C:\Users\User\source\repos\№5.4\№5.4.cpp(29,21): error C2059: синтаксическая ошибка: константа
C:\Users\User\source\repos\№5.4\№5.4.cpp(29,59): error C2059: синтаксическая ошибка: )
C:\Users\User\source\repos\№5.4\№5.4.cpp(30,1): error C2143: синтаксическая ошибка: отсутствие ";" перед "{"
C:\Users\User\source\repos\№5.4\№5.4.cpp(30,1): error C2447: {: отсутствует заголовок функции (возможно, используется формальный список старого типа)
C:\Users\User\source\repos\№5.4\№5.4.cpp(39,54): error C2065: e: необъявленный идентификатор
C:\Users\User\source\repos\№5.4\№5.4.cpp(39,57): error C2059: синтаксическая ошибка: ;
C:\Users\User\source\repos\№5.4\№5.4.cpp(48,9): error C2059: синтаксическая ошибка: константа
C:\Users\User\source\repos\№5.4\№5.4.cpp(50,28): error C2678: бинарный ">>": не найден оператор, принимающий левый операнд типа "std::istream" (или приемлемое преобразование отсутствует)
C:\Program Files (x86)\Microsoft visual studio\2019\Community\VC\Tools\MSVC\14.27.29110\include\istream(294,39): message : может быть "std::basic_istream<char,std::char_traits<char>> &std::basic_istream<char,std::char_traits<char>>::operator >>(std::basic_streambuf<char,std::char_traits<char>> *)"
C:\Program Files (x86)\Microsoft visual studio\2019\Community\VC\Tools\MSVC\14.27.29110\include\istream(290,39): message : или       "std::basic_istream<char,std::char_traits<char>> &std::basic_istream<char,std::char_traits<char>>::operator >>(void *&)"
C:\Program Files (x86)\Microsoft visual studio\2019\Community\VC\Tools\MSVC\14.27.29110\include\istream(286,39): message : или       "std::basic_istream<char,std::char_traits<char>> &std::basic_istream<char,std::char_traits<char>>::operator >>(long double &)"
C:\Program Files (x86)\Microsoft visual studio\2019\Community\VC\Tools\MSVC\14.27.29110\include\istream(282,39): message : или       "std::basic_istream<char,std::char_traits<char>> &std::basic_istream<char,std::char_traits<char>>::operator >>(double &)"
C:\Program Files (x86)\Microsoft visual studio\2019\Community\VC\Tools\MSVC\14.27.29110\include\istream(278,39): message : или       "std::basic_istream<char,std::char_traits<char>> &std::basic_istream<char,std::char_traits<char>>::operator >>(float &)"
C:\Program Files (x86)\Microsoft visual studio\2019\Community\VC\Tools\MSVC\14.27.29110\include\istream(274,39): message : или       "std::basic_istream<char,std::char_traits<char>> &std::basic_istream<char,std::char_traits<char>>::operator >>(unsigned __int64 &)"
C:\Program Files (x86)\Microsoft visual studio\2019\Community\VC\Tools\MSVC\14.27.29110\include\istream(270,39): message : или       "std::basic_istream<char,std::char_traits<char>> &std::basic_istream<char,std::char_traits<char>>::operator >>(__int64 &)"
C:\Program Files (x86)\Microsoft visual studio\2019\Community\VC\Tools\MSVC\14.27.29110\include\istream(266,39): message : или       "std::basic_istream<char,std::char_traits<char>> &std::basic_istream<char,std::char_traits<char>>::operator >>(unsigned long &)"
C:\Program Files (x86)\Microsoft visual studio\2019\Community\VC\Tools\MSVC\14.27.29110\include\istream(262,39): message : или       "std::basic_istream<char,std::char_traits<char>> &std::basic_istream<char,std::char_traits<char>>::operator >>(long &)"
C:\Program Files (x86)\Microsoft visual studio\2019\Community\VC\Tools\MSVC\14.27.29110\include\istream(258,39): message : или       "std::basic_istream<char,std::char_traits<char>> &std::basic_istream<char,std::char_traits<char>>::operator >>(unsigned int &)"
C:\Program Files (x86)\Microsoft visual studio\2019\Community\VC\Tools\MSVC\14.27.29110\include\istream(250,39): message : или       "std::basic_istream<char,std::char_traits<char>> &std::basic_istream<char,std::char_traits<char>>::operator >>(int &)"
C:\Program Files (x86)\Microsoft visual studio\2019\Community\VC\Tools\MSVC\14.27.29110\include\istream(246,39): message : или       "std::basic_istream<char,std::char_traits<char>> &std::basic_istream<char,std::char_traits<char>>::operator >>(unsigned short &)"
C:\Program Files (x86)\Microsoft visual studio\2019\Community\VC\Tools\MSVC\14.27.29110\include\istream(214,39): message : или       "std::basic_istream<char,std::char_traits<char>> &std::basic_istream<char,std::char_traits<char>>::operator >>(short &)"
C:\Program Files (x86)\Microsoft visual studio\2019\Community\VC\Tools\MSVC\14.27.29110\include\istream(210,39): message : или       "std::basic_istream<char,std::char_traits<char>> &std::basic_istream<char,std::char_traits<char>>::operator >>(bool &)"
C:\Program Files (x86)\Microsoft visual studio\2019\Community\VC\Tools\MSVC\14.27.29110\include\istream(188,39): message : или       "std::basic_istream<char,std::char_traits<char>> &std::basic_istream<char,std::char_traits<char>>::operator >>(std::ios_base &(__cdecl *)(std::ios_base &))"
C:\Program Files (x86)\Microsoft visual studio\2019\Community\VC\Tools\MSVC\14.27.29110\include\istream(183,39): message : или       "std::basic_istream<char,std::char_traits<char>> &std::basic_istream<char,std::char_traits<char>>::operator >>(std::basic_ios<char,std::char_traits<char>> &(__cdecl *)(std::basic_ios<char,std::char_traits<char>> &))"
C:\Program Files (x86)\Microsoft visual studio\2019\Community\VC\Tools\MSVC\14.27.29110\include\istream(178,39): message : или       "std::basic_istream<char,std::char_traits<char>> &std::basic_istream<char,std::char_traits<char>>::operator >>(std::basic_istream<char,std::char_traits<char>> &(__cdecl *)(std::basic_istream<char,std::char_traits<char>> &))"
C:\Program Files (x86)\Microsoft visual studio\2019\Community\VC\Tools\MSVC\14.27.29110\include\istream(867,31): message : или       "std::basic_istream<char,std::char_traits<char>> &std::operator >><std::char_traits<char>>(std::basic_istream<char,std::char_traits<char>> &,unsigned char &)"
C:\Program Files (x86)\Microsoft visual studio\2019\Community\VC\Tools\MSVC\14.27.29110\include\istream(861,31): message : или       "std::basic_istream<char,std::char_traits<char>> &std::operator >><std::char_traits<char>>(std::basic_istream<char,std::char_traits<char>> &,signed char &)"
C:\Program Files (x86)\Microsoft visual studio\2019\Community\VC\Tools\MSVC\14.27.29110\include\istream(832,31): message : или       "std::basic_istream<char,std::char_traits<char>> &std::operator >><std::char_traits<char>>(std::basic_istream<char,std::char_traits<char>> &,unsigned char *)"
C:\Program Files (x86)\Microsoft visual studio\2019\Community\VC\Tools\MSVC\14.27.29110\include\istream(827,31): message : или       "std::basic_istream<char,std::char_traits<char>> &std::operator >><std::char_traits<char>>(std::basic_istream<char,std::char_traits<char>> &,signed char *)"
C:\Users\User\source\repos\№5.4\№5.4.cpp(50,28): message : или       "встроенный оператор C++>>(int, int)"
C:\Users\User\source\repos\№5.4\№5.4.cpp(50,28): message : при попытке сопоставить список аргументов "(std::istream, int)"
C:\Users\User\source\repos\№5.4\№5.4.cpp(51,36): error C2660: S0: функция не принимает 2 аргументов
C:\Users\User\source\repos\№5.4\№5.4.cpp(8,8): message : см. объявление "S0"
C:\Users\User\source\repos\№5.4\№5.4.cpp(52,45): error C2660: S1: функция не принимает 3 аргументов
C:\Users\User\source\repos\№5.4\№5.4.cpp(15,8): message : см. объявление "S1"
C:\Users\User\source\repos\№5.4\№5.4.cpp(53,44): error C2660: S2: функция не принимает 3 аргументов
C:\Users\User\source\repos\№5.4\№5.4.cpp(22,8): message : см. объявление "S2"
C:\Users\User\source\repos\№5.4\№5.4.cpp(54,50): error C2660: S3: функция не принимает 4 аргументов
C:\Users\User\source\repos\№5.4\№5.4.cpp(29,8): message : см. объявление "S3"
